

Version:	3.10
CmdLine:	D:\java\IdeaProjects\PhonebookViewer\out\artifacts\phonebook\phonebook.exe --l4j-debug
WOW64:		yes
Working dir:	D:\java\IdeaProjects\PhonebookViewer\out\artifacts\phonebook\.
Java min ver:	1.8.0
Java max ver:	
64-bit search:	SOFTWARE\JavaSoft\Java Runtime Environment...
Check:		SOFTWARE\JavaSoft\Java Runtime Environment\1.8
Ignore:		1.8
Check:		SOFTWARE\JavaSoft\Java Runtime Environment\1.8.0_141
Check launcher:	C:\Program Files\Java\jre1.8.0_141\bin\javaw.exe (OK)
Match:		1.8.0_141
64-bit search:	SOFTWARE\JavaSoft\Java Development Kit...
Check:		SOFTWARE\JavaSoft\Java Development Kit\1.8
Ignore:		1.8
Check:		SOFTWARE\JavaSoft\Java Development Kit\1.8.0_131
Ignore:		1.8.0_131
64-bit search:	SOFTWARE\JavaSoft\JRE...
64-bit search:	SOFTWARE\JavaSoft\JDK...
Runtime used:	1.8.0_141 (64-bit)
Launcher:	C:\Program Files\Java\jre1.8.0_141\bin\javaw.exe
Launcher args:	-jar "D:\java\IdeaProjects\PhonebookViewer\out\artifacts\phonebook\phonebook.exe"
Args length:	81/32768 chars
Exit code:	0


Version:	3.10
CmdLine:	D:\java\IdeaProjects\PhonebookViewer\out\artifacts\phonebook\phonebook.exe --l4j-debug
WOW64:		yes
Working dir:	D:\java\IdeaProjects\PhonebookViewer\out\artifacts\phonebook\.
Java min ver:	1.8.0
Java max ver:	
64-bit search:	SOFTWARE\JavaSoft\Java Runtime Environment...
Check:		SOFTWARE\JavaSoft\Java Runtime Environment\1.8
Ignore:		1.8
Check:		SOFTWARE\JavaSoft\Java Runtime Environment\1.8.0_141
Check launcher:	C:\Program Files\Java\jre1.8.0_141\bin\javaw.exe (OK)
Match:		1.8.0_141
64-bit search:	SOFTWARE\JavaSoft\Java Development Kit...
Check:		SOFTWARE\JavaSoft\Java Development Kit\1.8
Ignore:		1.8
Check:		SOFTWARE\JavaSoft\Java Development Kit\1.8.0_131
Ignore:		1.8.0_131
64-bit search:	SOFTWARE\JavaSoft\JRE...
64-bit search:	SOFTWARE\JavaSoft\JDK...
Runtime used:	1.8.0_141 (64-bit)
Launcher:	C:\Program Files\Java\jre1.8.0_141\bin\javaw.exe
Launcher args:	-jar "D:\java\IdeaProjects\PhonebookViewer\out\artifacts\phonebook\phonebook.exe"
Args length:	81/32768 chars
Exit code:	0


Version:	3.10
CmdLine:	D:\java\IdeaProjects\PhonebookViewer\out\artifacts\phonebook\phonebook.exe --l4j-debug
WOW64:		yes
Working dir:	D:\java\IdeaProjects\PhonebookViewer\out\artifacts\phonebook\.
Java min ver:	1.8.0
Java max ver:	
64-bit search:	SOFTWARE\JavaSoft\Java Runtime Environment...
Check:		SOFTWARE\JavaSoft\Java Runtime Environment\1.8
Ignore:		1.8
Check:		SOFTWARE\JavaSoft\Java Runtime Environment\1.8.0_141
Check launcher:	C:\Program Files\Java\jre1.8.0_141\bin\javaw.exe (OK)
Match:		1.8.0_141
64-bit search:	SOFTWARE\JavaSoft\Java Development Kit...
Check:		SOFTWARE\JavaSoft\Java Development Kit\1.8
Ignore:		1.8
Check:		SOFTWARE\JavaSoft\Java Development Kit\1.8.0_131
Ignore:		1.8.0_131
64-bit search:	SOFTWARE\JavaSoft\JRE...
64-bit search:	SOFTWARE\JavaSoft\JDK...
Runtime used:	1.8.0_141 (64-bit)
Launcher:	C:\Program Files\Java\jre1.8.0_141\bin\javaw.exe
Launcher args:	-jar "D:\java\IdeaProjects\PhonebookViewer\out\artifacts\phonebook\phonebook.exe"
Args length:	81/32768 chars
Exit code:	0


Version:	3.10
CmdLine:	D:\java\IdeaProjects\PhonebookViewer\out\artifacts\phonebook\phonebook.exe --l4j-debug
WOW64:		yes
Working dir:	D:\java\IdeaProjects\PhonebookViewer\out\artifacts\phonebook\.
Java min ver:	1.8.0
Java max ver:	
64-bit search:	SOFTWARE\JavaSoft\Java Runtime Environment...
Check:		SOFTWARE\JavaSoft\Java Runtime Environment\1.8
Ignore:		1.8
Check:		SOFTWARE\JavaSoft\Java Runtime Environment\1.8.0_141
Check launcher:	C:\Program Files\Java\jre1.8.0_141\bin\javaw.exe (OK)
Match:		1.8.0_141
64-bit search:	SOFTWARE\JavaSoft\Java Development Kit...
Check:		SOFTWARE\JavaSoft\Java Development Kit\1.8
Ignore:		1.8
Check:		SOFTWARE\JavaSoft\Java Development Kit\1.8.0_131
Ignore:		1.8.0_131
64-bit search:	SOFTWARE\JavaSoft\JRE...
64-bit search:	SOFTWARE\JavaSoft\JDK...
Runtime used:	1.8.0_141 (64-bit)
Launcher:	C:\Program Files\Java\jre1.8.0_141\bin\javaw.exe
Launcher args:	-jar "D:\java\IdeaProjects\PhonebookViewer\out\artifacts\phonebook\phonebook.exe"
Args length:	81/32768 chars
Exit code:	0


Version:	3.10
CmdLine:	D:\java\IdeaProjects\PhonebookViewer\out\artifacts\phonebook\phonebook.exe --l4j-debug
WOW64:		yes
Working dir:	D:\java\IdeaProjects\PhonebookViewer\out\artifacts\phonebook\.
Java min ver:	1.8.0
Java max ver:	
64-bit search:	SOFTWARE\JavaSoft\Java Runtime Environment...
Check:		SOFTWARE\JavaSoft\Java Runtime Environment\1.8
Ignore:		1.8
Check:		SOFTWARE\JavaSoft\Java Runtime Environment\1.8.0_141
Check launcher:	C:\Program Files\Java\jre1.8.0_141\bin\javaw.exe (OK)
Match:		1.8.0_141
64-bit search:	SOFTWARE\JavaSoft\Java Development Kit...
Check:		SOFTWARE\JavaSoft\Java Development Kit\1.8
Ignore:		1.8
Check:		SOFTWARE\JavaSoft\Java Development Kit\1.8.0_131
Ignore:		1.8.0_131
64-bit search:	SOFTWARE\JavaSoft\JRE...
64-bit search:	SOFTWARE\JavaSoft\JDK...
Runtime used:	1.8.0_141 (64-bit)
Launcher:	C:\Program Files\Java\jre1.8.0_141\bin\javaw.exe
Launcher args:	-jar "D:\java\IdeaProjects\PhonebookViewer\out\artifacts\phonebook\phonebook.exe"
Args length:	81/32768 chars
Exit code:	0
